2018-01-09 20:29:22,535 /home/krzysiek/studia/inz/Jasmine/webpanel/api/views.py.get_task.70: INFO GET cośtam - test.pl -> Johny the Ripper Cracker
2018-01-09 20:41:22,496 /home/krzysiek/studia/inz/Jasmine/webpanel/api/views.py.get_task.70: INFO GET cośtam - test.pl -> Johny the Ripper Cracker
2018-01-09 20:41:22,635 /home/krzysiek/studia/inz/Jasmine/webpanel/api/views.py.set_task_result.104: INFO SET cośtam - test.pl -> Johny the Ripper Cracker
2018-01-09 20:44:09,219 /home/krzysiek/studia/inz/Jasmine/webpanel/api/views.py.get_task.70: INFO GET hehehehe - test.pl -> Johny the Ripper Cracker
2018-01-09 20:44:09,417 /home/krzysiek/studia/inz/Jasmine/webpanel/api/views.py.set_task_result.104: INFO SET hehehehe - test.pl -> Johny the Ripper Cracker
2018-01-09 21:45:26,765 /home/krzysiek/studia/inz/Jasmine/webpanel/api/views.py.get_task.70: INFO GET asdasd - test.pl -> Johny the Ripper Cracker
2018-01-09 21:45:26,997 /home/krzysiek/studia/inz/Jasmine/webpanel/api/views.py.set_task_result.104: INFO SET asdasd - test.pl -> Johny the Ripper Cracker
2018-01-09 22:51:27,559 /home/krzysiek/studia/inz/Jasmine/webpanel/api/views.py.get_task.71: INFO GET reloadconf - test.pl -> Reload configurations
2018-01-09 22:56:25,599 /home/krzysiek/studia/inz/Jasmine/webpanel/api/views.py.get_task.71: INFO GET Read - test.pl -> Reload configurations
2018-01-09 23:28:42,101 /home/krzysiek/studia/inz/Jasmine/webpanel/api/views.py.get_task.71: INFO GET asd - test.pl -> Reload configurations
2018-01-09 23:30:14,080 /home/krzysiek/studia/inz/Jasmine/webpanel/api/views.py.get_task.71: INFO GET Real - test.pl -> Reload configurations
2018-01-09 23:30:14,104 /home/krzysiek/studia/inz/Jasmine/webpanel/api/views.py.set_task_result.105: INFO SET Real - test.pl -> Reload configurations
2018-01-09 23:35:11,967 /home/krzysiek/studia/inz/Jasmine/webpanel/api/views.py.get_task.71: INFO GET reload - test.pl -> Reload configurations
2018-01-09 23:35:11,994 /home/krzysiek/studia/inz/Jasmine/webpanel/api/views.py.set_task_result.105: INFO SET reload - test.pl -> Reload configurations
2018-01-09 23:39:10,275 /home/krzysiek/studia/inz/Jasmine/webpanel/api/views.py.get_task.71: INFO GET reload - test.pl -> Reload configurations
2018-01-09 23:39:10,302 /home/krzysiek/studia/inz/Jasmine/webpanel/api/views.py.set_task_result.105: INFO SET reload - test.pl -> Reload configurations
2018-01-10 00:10:43,818 /home/krzysiek/studia/inz/Jasmine/webpanel/api/views.py.get_task.71: INFO GET raportuj - test.pl -> Full report
2018-01-10 00:14:23,814 /home/krzysiek/studia/inz/Jasmine/webpanel/api/views.py.get_task.71: INFO GET rerere - test.pl -> Full report
2018-01-10 00:16:04,436 /home/krzysiek/studia/inz/Jasmine/webpanel/api/views.py.get_task.71: INFO GET teser - test.pl -> Full report
2018-01-10 00:20:38,163 /home/krzysiek/studia/inz/Jasmine/webpanel/api/views.py.get_task.71: INFO GET asds - test.pl -> Full report
2018-01-10 00:22:33,142 /home/krzysiek/studia/inz/Jasmine/webpanel/api/views.py.get_task.71: INFO GET qwe - test.pl -> Full report
2018-01-10 00:26:23,778 /home/krzysiek/studia/inz/Jasmine/webpanel/api/views.py.get_task.71: INFO GET tesr - test.pl -> Full report
2018-01-10 00:26:25,117 /home/krzysiek/studia/inz/Jasmine/webpanel/api/views.py.set_task_result.105: INFO SET tesr - test.pl -> Full report
2018-01-10 00:35:16,747 /home/krzysiek/studia/inz/Jasmine/webpanel/api/views.py.get_task.71: INFO GET asdads - test.pl -> Full report
2018-01-10 00:35:18,069 /home/krzysiek/studia/inz/Jasmine/webpanel/api/views.py.set_task_result.105: INFO SET asdads - test.pl -> Full report
2018-01-10 00:39:13,450 /home/krzysiek/studia/inz/Jasmine/webpanel/api/views.py.get_task.72: INFO GET asd - test.pl -> Full report
2018-01-10 00:39:14,753 /home/krzysiek/studia/inz/Jasmine/webpanel/api/views.py.set_task_result.106: INFO SET asd - test.pl -> Full report
2018-01-10 00:41:12,918 /home/krzysiek/studia/inz/Jasmine/webpanel/api/views.py.get_task.72: INFO GET asd - test.pl -> Full report
2018-01-10 00:41:14,257 /home/krzysiek/studia/inz/Jasmine/webpanel/api/views.py.set_task_result.106: INFO SET asd - test.pl -> Full report
2018-01-10 00:42:35,509 /home/krzysiek/studia/inz/Jasmine/webpanel/api/views.py.get_task.72: INFO GET asdas - test.pl -> Full report
2018-01-10 00:42:36,838 /home/krzysiek/studia/inz/Jasmine/webpanel/api/views.py.set_task_result.106: INFO SET asdas - test.pl -> Full report
2018-01-10 00:43:18,365 /home/krzysiek/studia/inz/Jasmine/webpanel/api/views.py.get_task.72: INFO GET asd - test.pl -> Full report
2018-01-10 00:43:19,728 /home/krzysiek/studia/inz/Jasmine/webpanel/api/views.py.set_task_result.106: INFO SET asd - test.pl -> Full report
2018-01-10 00:46:04,791 /home/krzysiek/studia/inz/Jasmine/webpanel/api/views.py.get_task.72: INFO GET asd - test.pl -> Full report
2018-01-10 00:46:06,126 /home/krzysiek/studia/inz/Jasmine/webpanel/api/views.py.set_task_result.106: INFO SET asd - test.pl -> Full report
2018-01-10 00:47:45,382 /home/krzysiek/studia/inz/Jasmine/webpanel/api/views.py.get_task.72: INFO GET asd - test.pl -> Full report
2018-01-10 00:47:46,692 /home/krzysiek/studia/inz/Jasmine/webpanel/api/views.py.set_task_result.106: INFO SET asd - test.pl -> Full report
2018-01-10 00:51:07,614 /home/krzysiek/studia/inz/Jasmine/webpanel/api/views.py.get_task.72: INFO GET asd - test.pl -> Full report
2018-01-10 00:51:08,908 /home/krzysiek/studia/inz/Jasmine/webpanel/api/views.py.set_task_result.106: INFO SET asd - test.pl -> Full report
2018-01-10 00:52:06,916 /home/krzysiek/studia/inz/Jasmine/webpanel/api/views.py.get_task.72: INFO GET asd - test.pl -> Full report
2018-01-10 00:53:41,120 /home/krzysiek/studia/inz/Jasmine/webpanel/api/views.py.get_task.72: INFO GET as - test.pl -> Full report
2018-01-10 00:54:29,386 /home/krzysiek/studia/inz/Jasmine/webpanel/api/views.py.get_task.72: INFO GET asda - test.pl -> Full report
2018-01-10 00:54:30,737 /home/krzysiek/studia/inz/Jasmine/webpanel/api/views.py.set_task_result.107: INFO SET asda - test.pl -> Full report
2018-01-10 00:55:41,166 /home/krzysiek/studia/inz/Jasmine/webpanel/api/views.py.get_task.72: INFO GET asd - test.pl -> Full report
2018-01-10 00:55:42,470 /home/krzysiek/studia/inz/Jasmine/webpanel/api/views.py.set_task_result.107: INFO SET asd - test.pl -> Full report
2018-01-10 00:57:38,714 /home/krzysiek/studia/inz/Jasmine/webpanel/api/views.py.get_task.72: INFO GET asd - test.pl -> Full report
2018-01-10 00:57:40,048 /home/krzysiek/studia/inz/Jasmine/webpanel/api/views.py.set_task_result.107: INFO SET asd - test.pl -> Full report
2018-01-10 00:59:48,160 /home/krzysiek/studia/inz/Jasmine/webpanel/api/views.py.get_task.72: INFO GET asd - test.pl -> Full report
2018-01-10 00:59:49,478 /home/krzysiek/studia/inz/Jasmine/webpanel/api/views.py.set_task_result.107: INFO SET asd - test.pl -> Full report
2018-01-10 01:00:35,666 /home/krzysiek/studia/inz/Jasmine/webpanel/api/views.py.get_task.72: INFO GET asd - test.pl -> Full report
2018-01-10 01:00:36,997 /home/krzysiek/studia/inz/Jasmine/webpanel/api/views.py.set_task_result.107: INFO SET asd - test.pl -> Full report
2018-01-10 01:25:25,389 /home/krzysiek/studia/inz/Jasmine/webpanel/api/views.py.get_task.72: INFO GET asd - test.pl -> Full report
2018-01-10 01:25:29,587 /home/krzysiek/studia/inz/Jasmine/webpanel/api/views.py.set_task_result.107: INFO SET asd - test.pl -> Full report
2018-01-10 01:27:04,467 /home/krzysiek/studia/inz/Jasmine/webpanel/api/views.py.get_task.72: INFO GET a - test.pl -> Full report
2018-01-10 01:27:05,772 /home/krzysiek/studia/inz/Jasmine/webpanel/api/views.py.set_task_result.107: INFO SET a - test.pl -> Full report
